timestamp||title||url||keywordFound||group
2019-08-24T00:45:50.129Z||Yahoo||https://yahoo.com||false||0
2019-08-24T00:45:50.895Z||Yahoo Mail||https://mail.yahoo.com/||false||1
2019-08-24T00:46:10.605Z||Fantasy Baseball | Yahoo! Sports||https://baseball.fantasysports.yahoo.com/b1/signup||false||1
2019-08-24T00:46:11.396Z||Yahoo Finance - Business Finance, Stock Market, Quotes, News||https://finance.yahoo.com/||false||1
2019-08-24T00:46:12.227Z||Billionaire David Koch dies at 79||https://finance.yahoo.com/news/billionaire-businessman-david-koch-dead-at-79-132246911.html||false||1
2019-08-24T00:46:12.754Z||Yahoo Homepage: Hot (298 ideas) – Yahoo Feedback||https://yahoo.uservoice.com/forums/341361-yahoo-home||false||1
2019-08-24T00:46:13.237Z||Why This Ad? | Oath Policies||http://info.yahoo.com/privacy/us/yahoo/relevantads.html||false||1
2019-08-24T00:46:13.348Z||Yahoo - login||https://login.yahoo.com/config/login?.src=fpctx&.intl=us&.lang=en-US&.done=https%3A%2F%2Fwww.yahoo.com||false||1
2019-08-24T00:46:14.018Z||Ontario mother left suicide notes indicating 'clear intent' to kill her 2 daughters then herself, police say [Video]||https://news.yahoo.com/ontario-mother-left-suicide-notes-133826641.html||false||1
2019-08-24T00:46:14.086Z||Stephanie Grisham - Yahoo Search Results||https://search.yahoo.com/search?p=Stephanie+Grisham&fr=fp-tts&fr2=p:fp,m:tn,ct:all,kt:org,pg:1,stl:crsl,b:||false||1
2019-08-24T00:46:14.317Z||Yahoo! Sports - News, Scores, Standings, Rumors, Fantasy Games||https://sports.yahoo.com/||false||1
2019-08-24T00:46:14.394Z||Calls to boycott Jimmy John's resurface over elephant photo with sandwich chain's founder||https://news.yahoo.com/calls-boycott-jimmy-johns-resurface-190411470.html||false||1
2019-08-24T00:46:14.473Z||Role Recall: Andie MacDowell on overcoming 'shocking and heartbreaking' start in 'Tarzan,' Bill Murray shenanigans on 'Groundhog Day' and more [Video]||https://www.yahoo.com/entertainment/andie-macdowell-best-movies-roles-groundhog-day-four-weddings-150013370.html||false||1
2019-08-24T00:46:14.525Z||Trump tells Republicans he may begin cutting social security and Medicare if he wins in 2020||https://news.yahoo.com/trump-tells-republicans-may-begin-162457862.html||false||1
2019-08-24T00:46:14.697Z||Philadelphia 7 - 7 Miami: Bot 3 | 2019-08-23 | Major League Baseball | Yahoo! SportsJorge Alfaro||https://sports.yahoo.com/mlb/philadelphia-phillies-miami-marlins-390823128/||false||1
2019-08-24T00:46:14.841Z||Cincinnati 1 - 1 Pittsburgh: End 6 | 2019-08-23 | Major League Baseball | Yahoo! Sports||https://sports.yahoo.com/mlb/cincinnati-reds-pittsburgh-pirates-390823123/||false||1
2019-08-24T00:46:14.892Z||Supreme Court Justice Ruth Bader Ginsburg treated for new pancreatic cancer [Video]||https://www.yahoo.com/gma/supreme-court-justice-ruth-bader-ginsburg-treated-pancreatic-184300274.html||false||1
2019-08-24T00:46:15.181Z||Welcome to the Oath Privacy Center | Oath Policies||https://policies.yahoo.com/us/en/yahoo/privacy/index.htm||false||1
2019-08-24T00:46:16.406Z||Work at Oath - Oath||https://www.oath.com/careers/work-at-oath/||false||1
2019-08-24T00:46:16.484Z||Yahoo Lifestyle||https://www.yahoo.com/lifestyle/||false||1
2019-08-24T00:46:16.911Z||NFL lineman Barry Bennett and wife found dead, authorities charge son||https://sports.yahoo.com/former-nfl-lineman-barry-bennett-and-wife-found-dead-175218391.html||false||1
2019-08-24T00:46:17.788Z||Washington 9 - 3 Chi Cubs: Final | 2019-08-23 | Major League Baseball | Yahoo! Sports||https://sports.yahoo.com/mlb/washington-nationals-chicago-cubs-390823116/||false||1
2019-08-24T00:46:18.022Z||I Used CBD Oil During Period Sex and This is What Happened||https://www.yahoo.com/lifestyle/used-cbd-oil-during-period-190051020.html||false||1
2019-08-24T00:46:18.922Z||Atlanta 1 - 0 NY Mets: Mid 6 | 2019-08-23 | Major League Baseball | Yahoo! Sports||https://sports.yahoo.com/mlb/atlanta-braves-new-york-mets-390823121/||false||1
2019-08-24T00:46:19.216Z||Tampa Bay 7 - 0 Baltimore: Top 6 | 2019-08-23 | Major League Baseball | Yahoo! SportsTommy PhamMike Zunino||https://sports.yahoo.com/mlb/tampa-bay-rays-baltimore-orioles-390823101/||false||1
2019-08-24T00:46:19.599Z||Jennifer Lopez on the 1998 MTV Movie Awards Red Carpet [Video]||https://www.yahoo.com/lifestyle/jennifer-lopez-1998-mtv-movie-160134746.html||false||1
2019-08-24T00:46:20.567Z||MLB Scores and Schedules on Yahoo! Sports||https://sports.yahoo.com/mlb/scoreboard||false||1
2019-08-24T00:46:21.099Z||Mississippi River Cruises - Yahoo Search Results||https://search.yahoo.com/search?p=Mississippi+River+Cruises&fr=fp-tts&fr2=p:fp,m:tn,ct:all,kt:rev,pg:1,stl:crsl,b:||false||1
2019-08-24T00:46:22.042Z||Kansas City 0 - 4 Cleveland: Bot 5 | 2019-08-23 | Major League Baseball | Yahoo! Sports||https://sports.yahoo.com/mlb/kansas-city-royals-cleveland-indians-390823105/||false||1
2019-08-24T00:46:22.242Z||Politics | Yahoo News - Latest News & Headlines||https://news.yahoo.com/politics/||false||1
2019-08-24T00:46:22.429Z||Fuel Credit Card - Yahoo Search Results||https://search.yahoo.com/search?p=Fuel+Credit+Card&fr=fp-tts&fr2=p:fp,m:tn,ct:all,kt:rev,pg:1,stl:crsl,b:||false||1
2019-08-24T00:46:22.603Z||Horoscopes - Yahoo Lifestyle||https://www.yahoo.com/lifestyle/horoscope/virgo/daily-20190824.html||false||1
2019-08-24T00:46:22.815Z||Faye Dunaway - Yahoo Search Results||https://search.yahoo.com/search?p=Faye+Dunaway&fr=fp-tts&fr2=p:fp,m:tn,ct:all,kt:org,pg:1,stl:crsl,b:||false||1
2019-08-24T00:46:22.852Z||Poppy Montgomery - Yahoo Search Results||https://search.yahoo.com/search?p=Poppy+Montgomery&fr=fp-tts&fr2=p:fp,m:tn,ct:all,kt:org,pg:1,stl:crsl,b:||false||1
2019-08-24T00:46:22.940Z||Oath Terms of Service | Oath Policies||http://info.yahoo.com/legal/us/yahoo/utos/terms/||false||1
2019-08-24T00:46:23.060Z||Yahoo Everything||https://www.yahoo.com/everything/||false||1
2019-08-24T00:46:23.147Z||Yahoo News - Latest News & Headlines||https://news.yahoo.com/||false||1
2019-08-24T00:46:23.183Z||Rosamund Pike - Yahoo Search Results||https://search.yahoo.com/search?p=Rosamund+Pike&fr=fp-tts&fr2=p:fp,m:tn,ct:all,kt:org,pg:1,stl:crsl,b:||false||1
2019-08-24T00:46:23.285Z||Help for Yahoo Account||http://help.yahoo.com/l/us/yahoo/helpcentral/||false||1
2019-08-24T00:46:23.326Z||Gal Gadot - Yahoo Search Results||https://search.yahoo.com/search?p=Gal+Gadot&fr=fp-tts&fr2=p:fp,m:tn,ct:all,kt:org,pg:1,stl:crsl,b:||false||1
2019-08-24T00:46:23.365Z||Taylor Swift says she's pro-choice||https://www.yahoo.com/entertainment/taylor-swift-takes-on-trump-says-shes-obviously-prochoice-ill-do-everything-i-can-for-2020-151737266.html||false||1
2019-08-24T00:46:23.417Z||Ex-wife, children of Atlanta surgeon Christopher Edwards found dead in apparent murder-suicide||https://news.yahoo.com/ex-wife-children-atlanta-surgeon-215359792.html||false||1
2019-08-24T00:46:23.517Z||Scarlett Johansson - Yahoo Search Results||https://search.yahoo.com/search?p=Scarlett+Johansson&fr=fp-tts&fr2=p:fp,m:tn,ct:all,kt:org,pg:1,stl:crsl,b:||false||1
2019-08-24T00:46:23.555Z||Angie Dickinson - Yahoo Search Results||https://search.yahoo.com/search?p=Angie+Dickinson&fr=fp-tts&fr2=p:fp,m:tn,ct:all,kt:org,pg:1,stl:crsl,b:||false||1
2019-08-24T00:46:23.608Z||Elementary School Teacher Is Killed in Boat Crash — and Ala. Couple Is Charged||https://www.yahoo.com/entertainment/elementary-school-teacher-killed-boat-195603066.html||false||1
2019-08-24T00:46:23.662Z||20-year-old former NBC intern killed by her mother in murder-suicide [Video]||https://www.yahoo.com/lifestyle/former-nbc-intern-killed-her-001036795.html||false||1
2019-08-24T00:46:23.703Z||Step Repeat - Yahoo Search Results||https://search.yahoo.com/search?p=Step+Repeat&fr=fp-tts&fr2=p:fp,m:tn,ct:all,kt:rev,pg:1,stl:crsl,b:||false||1
2019-08-24T00:46:23.775Z||Yahoo||https://www.yahoo.com/||false||1
2019-08-24T00:46:23.829Z||An innocent man spent months in jail after customs officials thought honey he brought back from Jamaica was liquid meth||https://news.yahoo.com/innocent-man-spent-months-jail-203404542.html||false||1
2019-08-24T00:46:23.971Z||Horoscopes - Yahoo Lifestyle||https://yahoo.com/lifestyle/horoscope/Pisces/daily-20190824.html||false||1
2019-08-24T00:46:24.060Z||Jennifer Lopez Had Stripper Poles Installed in All 3 of Her Homes to Prepare for ‘Hustlers’||https://www.yahoo.com/lifestyle/jennifer-lopez-had-stripper-poles-173200116.html||false||1
2019-08-24T00:46:24.119Z||Yahoo Entertainment||https://www.yahoo.com/entertainment/||false||1
2019-08-24T00:46:37.254Z||Mom's viral lesson to daughter draws support from thousands on Facebook||https://www.yahoo.com/gma/moms-viral-lesson-daughter-draws-support-thousands-facebook-161035634--abc-news-topstories.html||false||1
2019-08-24T00:46:58.040Z||J.Lo practiced pole dancing in 6-inch elevator shoes with portable poles in her house [Video]||https://www.yahoo.com/lifestyle/j-lo-practiced-pole-dancing-191416786.html||false||1
2019-08-24T00:46:58.316Z||Yahoo Mail||https://mail.yahoo.com/?.src=ym||false||2
2019-08-24T00:46:58.521Z||Oath Terms of Service | Oath Policies||https://policies.oath.com/us/en/oath/terms/otos/index.html||false||2
2019-08-24T00:46:58.576Z||Yahoo||https://login.yahoo.com/account/create?.src=ym&.lang=en-US&.intl=us&.done=https%3A%2F%2Fmail.yahoo.com%2Fd&authMechanism=primary&specId=yidReg||false||2
2019-08-24T00:46:58.605Z||Sign up | Tumblr||https://www.tumblr.com||false||2
2019-08-24T00:46:58.823Z||Yahoo - login||https://login.yahoo.com?.src=ym&.lang=en-US&.intl=us&.done=https%3A%2F%2Fmail.yahoo.com%2Fd||false||2
2019-08-24T00:46:58.921Z||Yahoo Mail||https://mail.yahoo.com/?.intl=us&.lang=en-US||false||2
2019-08-24T00:46:59.083Z||Yahoo Mail||https://mail.yahoo.com/?.intl=us&.lang=en-US&.partner=none&.src=finance||false||2
2019-08-24T00:46:59.327Z||The document you requested was not found | Fantasy Baseball | Yahoo! Sports||https://baseball.fantasysports.yahoo.com/b1/signupjavascript:void(0);||false||2
2019-08-24T00:46:59.351Z||The document you requested was not found | Fantasy Baseball | Yahoo! Sports||https://baseball.fantasysports.yahoo.com/b1/signup/b1/reg/joinleague/competitive||false||2
2019-08-24T00:46:59.381Z||Home | Yahoo Answers||https://answers.yahoo.com/||false||2
2019-08-24T00:46:59.405Z||The document you requested was not found | Fantasy Baseball | Yahoo! Sports||https://baseball.fantasysports.yahoo.com/b1/signup/b1/reg/createleague||false||2
2019-08-24T00:46:59.418Z||The document you requested was not found | Fantasy Baseball | Yahoo! Sports||https://baseball.fantasysports.yahoo.com/b1/signup/b1||false||2
2019-08-24T00:46:59.466Z||Supported web browser for Yahoo products |Fantasy Football Help- SLN4556||https://help.yahoo.com/kb/fantasy-football/yahoo-supported-web-browser-sln4556.html||false||2
2019-08-24T00:46:59.711Z||Yahoo Mail||https://mail.yahoo.com/?.intl=us&.lang=en-US||false||2
2019-08-24T00:46:59.737Z||Yahoo - login||https://login.yahoo.com/config/login?.src=fantasy&specId=usernameRegWithName&.intl=us&.lang=en-US&.done=https://baseball.fantasysports.yahoo.com/b1/signup||false||2
2019-08-24T00:46:59.741Z||Share a link on Twitter||https://twitter.com/intent/tweet?text=Billionaire%20businessman%20David%20Koch%20dead%20at%2079&url=https%3A%2F%2Ffinance.yahoo.com%2Fnews%2Fbillionaire-businessman-david-koch-dead-at-79-132246911.html%3Fsoc_src%3Dsocial-sh%26soc_trk%3Dtw&via=YahooFinance||false||2
2019-08-24T00:46:59.773Z||Yahoo Mail||https://mail.yahoo.com/?.intl=us&.lang=en-US&.partner=none&.src=finance||false||2
2019-08-24T00:46:59.924Z||Home | Yahoo Mobile||https://mobile.yahoo.com/||false||2
2019-08-24T00:46:59.934Z||Home | Yahoo Mobile||https://mobile.yahoo.com/||false||2
2019-08-24T00:47:00.317Z||Fantasy on Yahoo! Sports - News, Scores, Standings, Rumors, Fantasy Games||https://sports.yahoo.com/fantasy/||false||2
2019-08-24T00:47:02.119Z||The Risks in Hong Kong Are Real, Says Dalton Investments’s CEO [Video]||https://finance.yahoo.com/video/risks-hong-kong-real-says-043943805.html||false||2
2019-08-24T00:47:02.125Z||Finance Search Feedback Survey||https://www.research.net/r/Desktopbucket||false||2
2019-08-24T00:47:02.296Z||Error 404: Page Not Found||https://yahoo.uservoice.com/forums/341361-yahoo-home/forums/341361-yahoo-homepage/category/153936-yahoo-mail||false||2
2019-08-24T00:47:02.306Z||Error 404: Page Not Found||https://yahoo.uservoice.com/forums/341361-yahoo-home/forums/341361-yahoo-homepage/suggestions/37024747-how-are-you-not-reporting-on-aoc-s-campaign-financ||false||2
2019-08-24T00:47:02.391Z||Error 404: Page Not Found||https://yahoo.uservoice.com/forums/341361-yahoo-home/admin/forums/341361-yahoo-homepage/suggestions/36964588-please-remove-this-new-ad-feature-all-over-the-fro||false||2
2019-08-24T00:47:02.400Z||Error 404: Page Not Found||https://yahoo.uservoice.com/forums/341361-yahoo-home/forums/341361-yahoo-homepage/suggestions/35988733-your-posts-are-mostly-anti-trump-anti-republican||false||2
2019-08-24T00:47:02.401Z||Error 404: Page Not Found||https://yahoo.uservoice.com/forums/341361-yahoo-home/admin/forums/341361-yahoo-homepage/suggestions/34947943-fix-your-comment-censor-algorithm||false||2
2019-08-24T00:47:02.401Z||Error 404: Page Not Found||https://yahoo.uservoice.com/forums/341361-yahoo-home/forums/341361-yahoo-homepage/status/796341||false||2
2019-08-24T00:47:02.402Z||Error 404: Page Not Found||https://yahoo.uservoice.com/forums/341361-yahoo-home/forums/341361-yahoo-homepage/suggestions/34947943-fix-your-comment-censor-algorithm||false||2
2019-08-24T00:47:02.403Z||Error 404: Page Not Found||https://yahoo.uservoice.com/forums/341361-yahoo-home/forums/341361-yahoo-homepage/suggestions/35988733-your-posts-are-mostly-anti-trump-anti-republican#comments||false||2
2019-08-24T00:47:02.417Z||Error 404: Page Not Found||https://yahoo.uservoice.com/forums/341361-yahoo-home/admin/forums/341361-yahoo-homepage/suggestions/37108426-please-stop-playing-videos-on-your-homepage-becaus||false||2
2019-08-24T00:47:02.418Z||Error 404: Page Not Found||https://yahoo.uservoice.com/forums/341361-yahoo-home/forums/341361-yahoo-homepage/suggestions/36964588-please-remove-this-new-ad-feature-all-over-the-fro||false||2
2019-08-24T00:47:02.420Z||Error 404: Page Not Found||https://yahoo.uservoice.com/forums/341361-yahoo-home/forums/341361-yahoo-homepage/category/153918-ads-feedback||false||2
2019-08-24T00:47:02.420Z||Error 404: Page Not Found||https://yahoo.uservoice.com/forums/341361-yahoo-home/users/773323978-product-support||false||2
2019-08-24T00:47:02.421Z||Error 404: Page Not Found||https://yahoo.uservoice.com/forums/341361-yahoo-home/admin/forums/341361-yahoo-homepage/suggestions/35988733-your-posts-are-mostly-anti-trump-anti-republican||false||2
2019-08-24T00:47:02.422Z||Error 404: Page Not Found||https://yahoo.uservoice.com/forums/341361-yahoo-home/forums/341361-yahoo-homepage/suggestions/34947943-fix-your-comment-censor-algorithm#comments||false||2
2019-08-24T00:47:02.422Z||Error 404: Page Not Found||https://yahoo.uservoice.com/forums/341361-yahoo-home/forums/341361-yahoo-homepage/suggestions/36964588-please-remove-this-new-ad-feature-all-over-the-fro#comments||false||2
2019-08-24T00:47:02.423Z||Error 404: Page Not Found||https://yahoo.uservoice.com/forums/341361-yahoo-home/forums/341361-yahoo-homepage/suggestions/37108426-please-stop-playing-videos-on-your-homepage-becaus||false||2
2019-08-24T00:47:02.424Z||Error 404: Page Not Found||https://yahoo.uservoice.com/forums/341361-yahoo-home/forums/341361-yahoo-homepage?category_id=153930||false||2
2019-08-24T00:47:02.425Z||Error 404: Page Not Found||https://yahoo.uservoice.com/forums/341361-yahoo-home/forums/341361-yahoo-homepage/suggestions/36163426-no-videos-in-place-of-top-news-stories#comments||false||2
2019-08-24T00:47:02.426Z||Error 404: Page Not Found||https://yahoo.uservoice.com/forums/341361-yahoo-home/forums/341361-yahoo-homepage/suggestions/35910427-please-make-it-possible-to-downvote-news-stories#comments||false||2
2019-08-24T00:47:02.427Z||Error 404: Page Not Found||https://yahoo.uservoice.com/forums/341361-yahoo-home/forums/341361-yahoo-homepage/suggestions/35910427-please-make-it-possible-to-downvote-news-stories||false||2
2019-08-24T00:47:02.428Z||Error 404: Page Not Found||https://yahoo.uservoice.com/forums/341361-yahoo-home/forums/341361-yahoo-homepage/status/750793||false||2
2019-08-24T00:47:02.429Z||Error 404: Page Not Found||https://yahoo.uservoice.com/forums/341361-yahoo-home/forums/341361-yahoo-homepage?category_id=153927||false||2
2019-08-24T00:47:02.430Z||Error 404: Page Not Found||https://yahoo.uservoice.com/forums/341361-yahoo-home/forums/341361-yahoo-home?filter=hot&page=5||false||2
2019-08-24T00:47:02.436Z||Error 404: Page Not Found||https://yahoo.uservoice.com/forums/341361-yahoo-home/forums/341361-yahoo-homepage/suggestions/37438189-hey-yahoo-stop-with-freaking-tv-spoilers#comments||false||2
2019-08-24T00:47:02.437Z||Error 404: Page Not Found||https://yahoo.uservoice.com/forums/341361-yahoo-home/forums/341361-yahoo-homepage/suggestions/35313895-didn-t-there-used-to-be-a-way-to-eliminate-specifi#comments||false||2
2019-08-24T00:47:02.438Z||Error 404: Page Not Found||https://yahoo.uservoice.com/forums/341361-yahoo-home/admin/forums/341361-yahoo-homepage/suggestions/35910427-please-make-it-possible-to-downvote-news-stories||false||2
2019-08-24T00:47:02.438Z||Error 404: Page Not Found||https://yahoo.uservoice.com/forums/341361-yahoo-home/admin/forums/341361-yahoo-homepage/suggestions/37125457-too-much-sports-on-front-page||false||2
2019-08-24T00:47:02.439Z||Error 404: Page Not Found||https://yahoo.uservoice.com/forums/341361-yahoo-home/admin/forums/341361-yahoo-homepage/suggestions/35313895-didn-t-there-used-to-be-a-way-to-eliminate-specifi||false||2
2019-08-24T00:47:02.440Z||Error 404: Page Not Found||https://yahoo.uservoice.com/forums/341361-yahoo-home/forums/341361-yahoo-homepage/category/153927-feature-suggestion||false||2
2019-08-24T00:47:02.440Z||Error 404: Page Not Found||https://yahoo.uservoice.com/forums/341361-yahoo-home/forums/341361-yahoo-home?filter=hot&page=3||false||2
2019-08-24T00:47:02.451Z||Error 404: Page Not Found||https://yahoo.uservoice.com/forums/341361-yahoo-home/forums/341361-yahoo-homepage/suggestions/37405957-why-do-you-specify-white-on-black-crimes-in-the-he#comments||false||2
2019-08-24T00:47:02.465Z||Error 404: Page Not Found||https://yahoo.uservoice.com/forums/341361-yahoo-home/forums/341361-yahoo-home?filter=hot&page=4||false||2
2019-08-24T00:47:02.466Z||Error 404: Page Not Found||https://yahoo.uservoice.com/forums/341361-yahoo-home/forums/341361-yahoo-homepage||false||2
2019-08-24T00:47:02.467Z||Error 404: Page Not Found||https://yahoo.uservoice.com/forums/341361-yahoo-home/admin/forums/341361-yahoo-homepage/suggestions/35224774-stop-making-the-stories-to-where-you-have-to-click||false||2
2019-08-24T00:47:02.468Z||Error 404: Page Not Found||https://yahoo.uservoice.com/forums/341361-yahoo-home/forums/341361-yahoo-homepage/suggestions/37125457-too-much-sports-on-front-page#comments||false||2
2019-08-24T00:47:02.468Z||Error 404: Page Not Found||https://yahoo.uservoice.com/forums/341361-yahoo-home/forums/341361-yahoo-homepage/category/153930-my-yahoo||false||2
2019-08-24T00:47:02.469Z||Error 404: Page Not Found||https://yahoo.uservoice.com/forums/341361-yahoo-home/forums/341361-yahoo-homepage/category/153924-editorial-feedback||false||2
2019-08-24T00:47:02.470Z||Error 404: Page Not Found||https://yahoo.uservoice.com/forums/341361-yahoo-home/forums/341361-yahoo-homepage/suggestions/37108426-please-stop-playing-videos-on-your-homepage-becaus#comments||false||2
2019-08-24T00:47:02.470Z||Error 404: Page Not Found||https://yahoo.uservoice.com/forums/341361-yahoo-home/forums/341361-yahoo-homepage?category_id=153942||false||2
2019-08-24T00:47:02.472Z||Error 404: Page Not Found||https://yahoo.uservoice.com/forums/341361-yahoo-home/admin/forums/341361-yahoo-homepage/suggestions/34270441-wish-i-could-eliminate-all-celebrity-and-style-art||false||2
2019-08-24T00:47:02.472Z||Error 404: Page Not Found||https://yahoo.uservoice.com/forums/341361-yahoo-home/forums/341361-yahoo-homepage/suggestions/35313895-didn-t-there-used-to-be-a-way-to-eliminate-specifi||false||2
2019-08-24T00:47:02.473Z||Error 404: Page Not Found||https://yahoo.uservoice.com/forums/341361-yahoo-home/forums/341361-yahoo-homepage/suggestions/35224774-stop-making-the-stories-to-where-you-have-to-click#comments||false||2
2019-08-24T00:47:02.474Z||Error 404: Page Not Found||https://yahoo.uservoice.com/forums/341361-yahoo-home/forums/341361-yahoo-homepage/suggestions/33101437-please-allow-us-to-filter-the-homepage-news-i-lo#comments||false||2
2019-08-24T00:47:02.490Z||Error 404: Page Not Found||https://yahoo.uservoice.com/forums/341361-yahoo-home/forums/341361-yahoo-homepage/suggestions/33101437-please-allow-us-to-filter-the-homepage-news-i-lo||false||2
2019-08-24T00:47:02.491Z||Error 404: Page Not Found||https://yahoo.uservoice.com/forums/341361-yahoo-home/admin/forums/341361-yahoo-homepage/suggestions/35572465-why-did-you-take-fox-news-off-of-yahoo-com-and-inc||false||2
2019-08-24T00:47:02.504Z||Error 404: Page Not Found||https://yahoo.uservoice.com/forums/341361-yahoo-home/forums/341361-yahoo-homepage/suggestions/35224774-stop-making-the-stories-to-where-you-have-to-click||false||2
2019-08-24T00:47:02.505Z||Error 404: Page Not Found||https://yahoo.uservoice.com/forums/341361-yahoo-home/admin/forums/341361-yahoo-homepage/suggestions/37405957-why-do-you-specify-white-on-black-crimes-in-the-he||false||2
2019-08-24T00:47:02.506Z||Error 404: Page Not Found||https://yahoo.uservoice.com/forums/341361-yahoo-home/forums/341361-yahoo-home?filter=hot&page=2||false||2
2019-08-24T00:47:02.507Z||Error 404: Page Not Found||https://yahoo.uservoice.com/forums/341361-yahoo-home/forums/341361-yahoo-homepage?category_id=153918||false||2
2019-08-24T00:47:02.508Z||Error 404: Page Not Found||https://yahoo.uservoice.com/forums/341361-yahoo-home/forums/341361-yahoo-homepage/suggestions/37503370-stop-asking-me-to-make-yahoo-my-home-page||false||2
2019-08-24T00:47:02.509Z||Error 404: Page Not Found||https://yahoo.uservoice.com/forums/341361-yahoo-home/forums/341361-yahoo-homepage/suggestions/37503370-stop-asking-me-to-make-yahoo-my-home-page#comments||false||2
2019-08-24T00:47:02.510Z||Error 404: Page Not Found||https://yahoo.uservoice.com/forums/341361-yahoo-home/admin/forums/341361-yahoo-homepage/suggestions/36163426-no-videos-in-place-of-top-news-stories||false||2
2019-08-24T00:47:02.510Z||Error 404: Page Not Found||https://yahoo.uservoice.com/forums/341361-yahoo-home/forums/341361-yahoo-homepage/suggestions/36163426-no-videos-in-place-of-top-news-stories||false||2
2019-08-24T00:47:02.518Z||Error 404: Page Not Found||https://yahoo.uservoice.com/forums/341361-yahoo-home/forums/341361-yahoo-homepage/suggestions/37438189-hey-yahoo-stop-with-freaking-tv-spoilers||false||2
2019-08-24T00:47:02.531Z||Error 404: Page Not Found||https://yahoo.uservoice.com/forums/341361-yahoo-home/forums/341361-yahoo-homepage/suggestions/37024747-how-are-you-not-reporting-on-aoc-s-campaign-financ#comments||false||2
2019-08-24T00:47:02.532Z||Error 404: Page Not Found||https://yahoo.uservoice.com/forums/341361-yahoo-home/admin/forums/341361-yahoo-homepage/suggestions/32256316-hopelessly-left||false||2
2019-08-24T00:47:02.533Z||Error 404: Page Not Found||https://yahoo.uservoice.com/forums/341361-yahoo-home/forums/341361-yahoo-homepage/suggestions/37125457-too-much-sports-on-front-page||false||2
2019-08-24T00:47:02.533Z||Error 404: Page Not Found||https://yahoo.uservoice.com/forums/341361-yahoo-home/forums/341361-yahoo-homepage/suggestions/36173677-please-remove-the-autoplay-videos-from-your-front||false||2
2019-08-24T00:47:02.534Z||Error 404: Page Not Found||https://yahoo.uservoice.com/forums/341361-yahoo-home/forums/341361-yahoo-homepage?category_id=153921||false||2
2019-08-24T00:47:02.535Z||Error 404: Page Not Found||https://yahoo.uservoice.com/forums/341361-yahoo-home/forums/341361-yahoo-home?filter=hot&page=14||false||2
2019-08-24T00:47:02.535Z||Error 404: Page Not Found||https://yahoo.uservoice.com/forums/341361-yahoo-home/forums/341361-yahoo-home?filter=hot&page=15||false||2
2019-08-24T00:47:02.536Z||Error 404: Page Not Found||https://yahoo.uservoice.com/forums/341361-yahoo-home/forums/341361-yahoo-homepage/suggestions/32256316-hopelessly-left#comments||false||2
2019-08-24T00:47:02.537Z||Error 404: Page Not Found||https://yahoo.uservoice.com/forums/341361-yahoo-home/forums/341361-yahoo-homepage?category_id=153924||false||2
2019-08-24T00:47:02.538Z||Error 404: Page Not Found||https://yahoo.uservoice.com/forums/341361-yahoo-home/forums/341361-yahoo-homepage/suggestions/34710016-knock-off-all-the-negative-stories-on-the-yahoo-ho||false||2
2019-08-24T00:47:02.539Z||Error 404: Page Not Found||https://yahoo.uservoice.com/forums/341361-yahoo-home/admin/forums/341361-yahoo-homepage/suggestions/37024747-how-are-you-not-reporting-on-aoc-s-campaign-financ||false||2
2019-08-24T00:47:02.539Z||Error 404: Page Not Found||https://yahoo.uservoice.com/forums/341361-yahoo-home/forums/341361-yahoo-homepage/suggestions/37405957-why-do-you-specify-white-on-black-crimes-in-the-he||false||2
2019-08-24T00:47:02.544Z||Error 404: Page Not Found||https://yahoo.uservoice.com/forums/341361-yahoo-home/admin/forums/341361-yahoo-homepage/suggestions/33101437-please-allow-us-to-filter-the-homepage-news-i-lo||false||2
2019-08-24T00:47:02.545Z||Error 404: Page Not Found||https://yahoo.uservoice.com/forums/341361-yahoo-home/forums/341361-yahoo-homepage/category/153945-other||false||2
2019-08-24T00:47:02.545Z||Error 404: Page Not Found||https://yahoo.uservoice.com/forums/341361-yahoo-home/admin/forums/341361-yahoo-homepage/suggestions/37503370-stop-asking-me-to-make-yahoo-my-home-page||false||2
2019-08-24T00:47:02.546Z||Error 404: Page Not Found||https://yahoo.uservoice.com/forums/341361-yahoo-home/forums/341361-yahoo-homepage/suggestions/34270441-wish-i-could-eliminate-all-celebrity-and-style-art#comments||false||2
2019-08-24T00:47:02.550Z||Error 404: Page Not Found||https://yahoo.uservoice.com/forums/341361-yahoo-home/forums/341361-yahoo-homepage/suggestions/34270441-wish-i-could-eliminate-all-celebrity-and-style-art||false||2
2019-08-24T00:47:02.777Z||Error 404: Page Not Found||https://yahoo.uservoice.com/forums/341361-yahoo-home/admin/forums/341361-yahoo-homepage/suggestions/37418434-you-ve-done-it-again-you-have-merged-my-comment||false||2
2019-08-24T00:47:02.783Z||Error 404: Page Not Found||https://yahoo.uservoice.com/forums/341361-yahoo-home/logout||false||2
2019-08-24T00:47:02.784Z||Error 404: Page Not Found||https://yahoo.uservoice.com/forums/341361-yahoo-home/admin/forums/341361-yahoo-homepage/suggestions/37438189-hey-yahoo-stop-with-freaking-tv-spoilers||false||2
2019-08-24T00:47:02.788Z||Error 404: Page Not Found||https://yahoo.uservoice.com/forums/341361-yahoo-home/site/signin?lang=en||false||2
2019-08-24T00:47:02.790Z||Error 404: Page Not Found||https://yahoo.uservoice.com/forums/341361-yahoo-home/forums/341361-yahoo-homepage/category/153921-bug-or-error||false||2
2019-08-24T00:47:02.790Z||Error 404: Page Not Found||https://yahoo.uservoice.com/forums/341361-yahoo-home/forums/341361-yahoo-homepage/filters/hot||false||2
2019-08-24T00:47:02.815Z||Home | Yahoo Mobile||https://mobile.yahoo.com/||false||2
2019-08-24T00:47:02.816Z||Error 404: Page Not Found||https://yahoo.uservoice.com/forums/341361-yahoo-home/forums/341361-yahoo-homepage/status/3495547||false||2
2019-08-24T00:47:02.833Z||Error 404: Page Not Found||https://yahoo.uservoice.com/forums/341361-yahoo-home/forums/341361-yahoo-homepage/suggestions/37418434-you-ve-done-it-again-you-have-merged-my-comment#comments||false||2
2019-08-24T00:47:03.019Z||Error 404: Page Not Found||https://yahoo.uservoice.com/forums/341361-yahoo-home/forums/341361-yahoo-homepage/filters/new||false||2
2019-08-24T00:47:03.021Z||Error 404: Page Not Found||https://yahoo.uservoice.com/forums/341361-yahoo-home/forums/341361-yahoo-homepage/filters/my_feedback||false||2
2019-08-24T00:47:03.046Z||Error 404: Page Not Found||https://yahoo.uservoice.com/forums/341361-yahoo-home/forums/341361-yahoo-homepage/suggestions/37418434-you-ve-done-it-again-you-have-merged-my-comment||false||2
2019-08-24T00:47:03.047Z||Error 404: Page Not Found||https://yahoo.uservoice.com/forums/341361-yahoo-home/forums/341361-yahoo-homepage/filters/top||false||2
2019-08-24T00:47:03.185Z||Communication Products | Oath Policies||https://policies.yahoo.com/us/en/yahoo/privacy/products/mail/index.htm||false||2
2019-08-24T00:47:03.326Z||Why This Ad? | Oath Policies||https://policies.yahoo.com/us/en/yahoo/privacy/adinfo/index.htm||false||2
2019-08-24T00:47:03.740Z||Industry Center||https://finance.yahoo.com/industries||false||2
2019-08-24T00:47:03.791Z||Exchanges and data providers on Yahoo Finance |Finance for Web Help- SLN2310||https://help.yahoo.com/kb/index?page=content&y=PROD_FIN_DESK&locale=en_US&id=SLN2310||false||2
2019-08-24T00:47:03.792Z||Error 404: Page Not Found||https://yahoo.uservoice.com/forums/341361-yahoo-home/forums/341361-yahoo-homepage?category_id=153945||false||2
2019-08-24T00:47:03.831Z||David Koch||https://www.forbes.com/profile/david-koch/#77122680659b||false||2
2019-08-24T00:47:03.832Z||Error 404: Page Not Found||https://yahoo.uservoice.com/forums/341361-yahoo-home/forums/182050-canada-safely||false||2
2019-08-24T00:47:03.832Z||Error 404: Page Not Found||https://yahoo.uservoice.com/forums/341361-yahoo-home/forums/190374-accounts-dashboard||false||2
2019-08-24T00:47:03.846Z||Yahoo - login||https://login.yahoo.com/config/login?.src=finance&.intl=us&.done=https%3A%2F%2Ffinance.yahoo.com%2F||false||2
2019-08-24T00:47:03.847Z||Error 404: Page Not Found||https://yahoo.uservoice.com/forums/341361-yahoo-home/forums/232548-answers-th||false||2
2019-08-24T00:47:03.861Z||Error 404: Page Not Found||https://yahoo.uservoice.com/forums/341361-yahoo-home/forums/168916-canada-screen||false||2
2019-08-24T00:47:03.883Z||Error 404: Page Not Found||https://yahoo.uservoice.com/forums/341361-yahoo-home/forums/168910-canada-movies||false||2
2019-08-24T00:47:03.883Z||Error 404: Page Not Found||https://yahoo.uservoice.com/forums/341361-yahoo-home/forums/242569-canada-finance-mobile-ios||false||2
2019-08-24T00:47:03.884Z||Error 404: Page Not Found||https://yahoo.uservoice.com/forums/341361-yahoo-home/forums/294111-canada-yahoo-movies||false||2
2019-08-24T00:47:03.886Z||Error 404: Page Not Found||https://yahoo.uservoice.com/forums/341361-yahoo-home/forums/295761-canada-yahoo-news||false||2
2019-08-24T00:47:03.886Z||Error 404: Page Not Found||https://yahoo.uservoice.com/forums/341361-yahoo-home/forums/168912-canada-news||false||2
2019-08-24T00:47:03.887Z||Error 404: Page Not Found||https://yahoo.uservoice.com/forums/341361-yahoo-home/forums/264377-corp-mail-test-1||false||2
2019-08-24T00:47:03.888Z||Error 404: Page Not Found||https://yahoo.uservoice.com/forums/341361-yahoo-home/forums/277673-canada-finance-mobile-android||false||2
2019-08-24T00:47:03.889Z||Error 404: Page Not Found||https://yahoo.uservoice.com/forums/341361-yahoo-home/forums/318933-australia-celebrity||false||2
2019-08-24T00:47:03.892Z||Error 404: Page Not Found||https://yahoo.uservoice.com/forums/341361-yahoo-home/forums/206144-college-football-pick-em||false||2
2019-08-24T00:47:03.902Z||Error 404: Page Not Found||https://yahoo.uservoice.com/forums/341361-yahoo-home/forums/170312-canada-finance||false||2
2019-08-24T00:47:03.903Z||Error 404: Page Not Found||https://yahoo.uservoice.com/forums/341361-yahoo-home/forums/222018-answers-uv-forum-test-version||false||2
2019-08-24T00:47:03.904Z||Error 404: Page Not Found||https://yahoo.uservoice.com/forums/341361-yahoo-home/forums/295944-canada-yahoo-beauty||false||2
2019-08-24T00:47:03.905Z||Error 404: Page Not Found||https://yahoo.uservoice.com/forums/341361-yahoo-home/forums/912868-college-fantasy-football||false||2
2019-08-24T00:47:03.905Z||Error 404: Page Not Found||https://yahoo.uservoice.com/forums/341361-yahoo-home/forums/294072-canada-yahoo-celebrity||false||2
2019-08-24T00:47:03.906Z||Error 404: Page Not Found||https://yahoo.uservoice.com/forums/341361-yahoo-home/forums/295764-canada-yahoo-finance||false||2
2019-08-24T00:47:03.906Z||Error 404: Page Not Found||https://yahoo.uservoice.com/forums/341361-yahoo-home/forums/252415-aviate||false||2
2019-08-24T00:47:04.001Z||Trump has over 2,000 conflicts of interest since he’s taken office: report||https://finance.yahoo.com/news/trump-has-over-2000-conflicts-of-interest-since-hes-taken-office-report-142507087.html||false||2
2019-08-24T00:47:04.003Z||Yahoo Search - Web Search||https://search.yahoo.com/search/||false||2
2019-08-24T00:47:04.033Z||Error 404: Page Not Found||https://yahoo.uservoice.com/forums/341361-yahoo-home/forums/341361-yahoo-homepage/suggestions/35572465-why-did-you-take-fox-news-off-of-yahoo-com-and-inc#comments||false||2
2019-08-24T00:47:04.060Z||Error 404: Page Not Found||https://yahoo.uservoice.com/forums/341361-yahoo-home/forums/242587-answers-th||false||2
2019-08-24T00:47:04.086Z||Error 404: Page Not Found||https://yahoo.uservoice.com/forums/341361-yahoo-home/forums/215993-autos-pulse||false||2
2019-08-24T00:47:04.087Z||Error 404: Page Not Found||https://yahoo.uservoice.com/forums/341361-yahoo-home/forums/242702-canada-finance-mobile-df-ios||false||2
2019-08-24T00:47:04.101Z||Error 404: Page Not Found||https://yahoo.uservoice.com/forums/341361-yahoo-home/forums/341361-yahoo-homepage/suggestions/35572465-why-did-you-take-fox-news-off-of-yahoo-com-and-inc||false||2
2019-08-24T00:47:04.137Z||Help for Yahoo Finance for Web||https://help.yahoo.com/kb/index?page=content&y=PROD_FIN_DESK&locale=en_US||false||2
2019-08-24T00:47:04.139Z||Error 404: Page Not Found||https://yahoo.uservoice.com/forums/341361-yahoo-home/forums/341361-yahoo-homepage/category/153942-customer-support||false||2
2019-08-24T00:47:04.140Z||Error 404: Page Not Found||https://yahoo.uservoice.com/forums/341361-yahoo-home/forums/201183-ad-feedback||false||2
2019-08-24T00:47:04.141Z||Error 404: Page Not Found||https://yahoo.uservoice.com/forums/341361-yahoo-home/forums/921355-contacts-pane-beta||false||2
2019-08-24T00:47:04.142Z||Error 404: Page Not Found||https://yahoo.uservoice.com/forums/341361-yahoo-home/admin/forums/341361-yahoo-homepage/suggestions/34710016-knock-off-all-the-negative-stories-on-the-yahoo-ho||false||2
2019-08-24T00:47:04.151Z||Ecommerce Platforms, Web Hosting, Domains Search, Website Builder | Yahoo! Small Business||https://smallbusiness.yahoo.com||false||2
2019-08-24T00:47:04.215Z||Error 404: Page Not Found||https://yahoo.uservoice.com/forums/341361-yahoo-home/forums/341361-yahoo-homepage/suggestions/36173677-please-remove-the-autoplay-videos-from-your-front#comments||false||2
2019-08-24T00:47:04.340Z||Mutual Fund Screener - Yahoo Finance||https://finance.yahoo.com/mutualfunds||false||2
2019-08-24T00:47:04.341Z||Error 404: Page Not Found||https://yahoo.uservoice.com/forums/341361-yahoo-home/forums/341361-yahoo-homepage/suggestions/34710016-knock-off-all-the-negative-stories-on-the-yahoo-ho#comments||false||2
2019-08-24T00:47:04.345Z||Error 404: Page Not Found||https://yahoo.uservoice.com/forums/341361-yahoo-home/forums/341361-yahoo-homepage/suggestions/32256316-hopelessly-left||false||2
2019-08-24T00:47:04.413Z||The gear you need for your dorm room - EngadgetEngadgetEngadgetsavesharesavesharesavesharesavesharesavesharesavesharePage 1Page 1ear iconeye iconFill 23text filevr||https://www.engadget.com/buyers-guide/back-to-school-guide-2019/back-to-school-home-dorm-gear-gallery/?utm_campaign=BTS&utm_medium=Yahoo%20Finance&utm_source=Website&utm_content=NTK||false||2
2019-08-24T00:47:04.477Z||Finance Premium: Hot (32 ideas) – Yahoo Feedback||https://yahoo.uservoice.com/forums/917083||false||2
2019-08-24T00:47:04.484Z||Yahoo||https://login.yahoo.com/account/create?.lang=en-US&.intl=us||false||2
2019-08-24T00:47:04.513Z||Why This Ad? | Oath Policies||http://info.yahoo.com/relevantads/||false||2
2019-08-24T00:47:04.545Z||Yahoo Finance||https://finance.yahoo.com/sitemap/||false||2
2019-08-24T00:47:04.554Z||Yahoo Search - Web Search||https://search.yahoo.com/search/||false||2
2019-08-24T00:47:04.588Z||Post to Tumblr - Preview||https://www.tumblr.com/widgets/share/tool?posttype=photo&content=https%3A%2F%2Fs.yimg.com%2Fuu%2Fapi%2Fres%2F1.2%2FFZ_B2TNoDGDeoQjQDzuShg--~B%2FaD0xODM2O3c9Mjc0MztzbT0xO2FwcGlkPXl0YWNoeW9u%2Fhttps%3A%2F%2Fmedia-mbst-pub-ue1.s3.amazonaws.com%2Fcreatr-images%2F2019-08%2Fdecd24a0-c5a6-11e9-bd37-debf3ebe9622&url=https%3A%2F%2Ffinance.yahoo.com%2Fnews%2Fbillionaire-businessman-david-koch-dead-at-79-132246911.html%3Fsoc_src%3Dsocial-sh%26soc_trk%3Dtu&clickthroughUrl=https%3A%2F%2Ffinance.yahoo.com%2Fnews%2Fbillionaire-businessman-david-koch-dead-at-79-132246911.html%3Fsoc_src%3Dsocial-sh%26soc_trk%3Dtu&caption=Billionaire%20industrialist%20David%20Koch%20has%20died%20at%2079.&tags=||false||2
2019-08-24T00:47:04.658Z||Founders | National September 11 Memorial & Museumgoogle-plusfacebookinstagramtwittersearchcloseclock-omap-markerbarsticketexclamation-circleexclamation-triangleangle-double-leftangle-double-rightcheckangle-leftangle-rightangle-upangle-down||https://www.911memorial.org/founders||false||2
2019-08-24T00:47:04.697Z||Error 404: Page Not Found||https://yahoo.uservoice.com/forums/341361-yahoo-home/forums/295758-canada-yahoo-style||false||2
2019-08-24T00:47:04.698Z||Error 404: Page Not Found||https://yahoo.uservoice.com/forums/341361-yahoo-home/forums/318930-australia-style||false||2
2019-08-24T00:47:04.699Z||Error 404: Page Not Found||https://yahoo.uservoice.com/forums/341361-yahoo-home/forums/341361-yahoo-homepage?category_id=153936||false||2
2019-08-24T00:47:04.718Z||Error 404: Page Not Found||https://yahoo.uservoice.com/forums/341361-yahoo-home/forums/921847-best-ball||false||2
2019-08-24T00:47:04.719Z||Error 404: Page Not Found||https://yahoo.uservoice.com/forums/341361-yahoo-home/forums/168882-yahoo-feedback||false||2
2019-08-24T00:47:04.719Z||Error 404: Page Not Found||https://yahoo.uservoice.com/forums/341361-yahoo-home/forums/206289-canada-homepage||false||2
2019-08-24T00:47:04.721Z||Error 404: Page Not Found||https://yahoo.uservoice.com/forums/341361-yahoo-home/forums/292020-australia-yahoo-tech||false||2
2019-08-24T00:47:04.767Z||Error 404: Page Not Found||https://yahoo.uservoice.com/forums/341361-yahoo-home/forums/263300-corp-mail-testing||false||2
2019-08-24T00:47:04.882Z||Yahoo Tech - Technology News and Reviews||https://finance.yahoo.com/tech||false||2
2019-08-24T00:47:04.884Z||Error 404: Page Not Found||https://yahoo.uservoice.com/forums/341361-yahoo-home/forums/193656-connected-tv||false||2
2019-08-24T00:47:04.937Z||Yahoo Finance Premium||https://finance.yahoo.com/premium?ncid=navbarprem_fqbo1nu0ks0||false||2
2019-08-24T00:47:05.061Z||Yahoo Homepage: Hot (298 ideas) – Yahoo Feedback||https://yahoo.uservoice.com/forums/341361-yahoo-home/||false||2
2019-08-24T00:47:05.109Z||US Membership Desktop: Hot (9470 ideas) – Yahoo Feedback||https://yahoo.uservoice.com/forums/219007||false||2
2019-08-24T00:47:05.113Z||Error 404: Page Not Found||https://yahoo.uservoice.com/forums/341361-yahoo-home/forums/341361-yahoo-homepage?category_id=153933||false||2
2019-08-24T00:47:05.114Z||Error 404: Page Not Found||https://yahoo.uservoice.com/forums/341361-yahoo-home/forums/168917-canada-weather||false||2
2019-08-24T00:47:05.164Z||Yahoo Homepage: Hot (298 ideas) – Yahoo Feedback||https://yahoo.uservoice.com/forums/341361-yahoo-homeundefined||false||2
2019-08-24T00:47:05.169Z||Register with: UX ResearchRegister||https://thynkster.com/user/tregister/elg2MDk0M0AhTWcwdGlkPTEyNDA6ZXZlbnRfaWQ9MjQzMTY6cHJvamVjdF9p%250AZD0xNTA4OTpzb3VyY2U9VEhZTktTVEVSOmZkenR1eWc%253D%250A||false||2
2019-08-24T00:47:05.200Z||Oath Privacy International | Oath Policies||http://info.yahoo.com/privacy/us/yahoo/||false||2
2019-08-24T00:47:05.267Z||Yahoo - login||https://login.yahoo.com/config/login?.intl=us&.lang=en-US&.src=finance&.done=https%3A%2F%2Ffinance.yahoo.com%2Fnews%2Fbillionaire-businessman-david-koch-dead-at-79-132246911.html||false||2
2019-08-24T00:47:05.434Z||Help for Yahoo homepage||https://help.yahoo.com/kb/homepage||false||2
2019-08-24T00:47:05.855Z||Yahoo Finance (@YahooFinance) | Twitter||http://twitter.com/YahooFinance||false||2
2019-08-24T00:47:05.880Z||Oath Terms of Service | Oath Policies||http://info.yahoo.com/legal/us/yahoo/utos/utos-173.html||false||2
2019-08-24T00:47:05.920Z||Yahoo Finance Premium||https://finance.yahoo.com/premium?ncid=navbarprem_fqbo1nu0ks0||false||2
2019-08-24T00:47:06.016Z||Hong Kong Faces Worst Earnings Recession Since 2008 Crisis [Video]||https://finance.yahoo.com/video/hong-kong-faces-worst-earnings-024126264.html||false||2
2019-08-24T00:47:06.247Z||My Recent Quotes | Stock Prices | Yahoo Finance||https://finance.yahoo.com/recent-quotes||false||2
2019-08-24T00:47:06.254Z||Yahoo! Groups||https://groups.yahoo.com/||false||2
2019-08-24T00:47:06.346Z||Jane Mayer on Twitter: "Sources close to the family say David Koch has died."||https://twitter.com/JaneMayerNYer/status/1164869510127587328||false||2
2019-08-24T00:47:06.371Z||Yahoo - login||https://login.yahoo.com/account/personalinfo?.intl=us&.lang=en-US&.done=https://baseball.fantasysports.yahoo.com/b1/signup&.src=fantasy&specId=usernameRegWithName||false||2
2019-08-24T00:47:06.450Z||Yahoo Tech - Technology News and Reviews||https://www.yahoo.com/tech||false||2
2019-08-24T00:47:06.542Z||Yahoo News - Latest News & Headlines||https://www.yahoo.com/news||false||2
2019-08-24T00:47:06.607Z||Employee of Britain's Hong Kong mission held in China over prostitution - report||https://finance.yahoo.com/news/employee-britains-hong-kong-mission-092721175.html||false||2
2019-08-24T00:47:06.726Z||Stock Screener - Yahoo Finance||https://finance.yahoo.com/losers||false||2
2019-08-24T00:47:06.878Z||Yahoo Mail – Organized Email - Apps on Google Play||https://app.appsflyer.com/com.yahoo.mobile.client.android.mail?pid=yahoo_admanager_plus_int&c=NorrinLaunch_Mar17&af_sub1=Internal&af_sub2=Mobile_Upsell_YMktg&af_sub3=Landing_Page_Mobile_Upsell&pbd=${POSTBACKDATA}&dpidsha1=${DPIDSHA1}&idfa=${IDFA}||false||2
2019-08-24T00:47:06.937Z||Yahoo Finance Portfolios||https://finance.yahoo.com/portfolios||false||2
2019-08-24T00:47:06.996Z||^GSPC Interactive Stock Chart | S&P 500 Stock - Yahoo Finance||https://finance.yahoo.com/chart/^GSPC||false||2
2019-08-24T00:47:07.106Z||Protesters Chant 'Fight for Freedom' During Hong Kong Human Chain Demonstration [Video]||https://finance.yahoo.com/video/protesters-chant-fight-freedom-during-153558365.html||false||2
2019-08-24T00:47:07.113Z||Error 404: Page Not Found||https://yahoo.uservoice.com/forums/341361-yahoo-home/admin/forums/341361-yahoo-homepage/suggestions/36173677-please-remove-the-autoplay-videos-from-your-front||false||2
2019-08-24T00:47:07.116Z||  Error 404: Page Not Found||http://feedback.yahoo.com/forums/169858-us-sports||false||2
2019-08-24T00:47:07.231Z||Yahoo Finance||http://yahoofinance.tumblr.com||false||2
2019-08-24T00:47:07.468Z||Stock Screener - Yahoo Finance||https://finance.yahoo.com/most-active||false||2
2019-08-24T00:47:07.552Z||Option Screener - Yahoo Finance||https://finance.yahoo.com/options/highest-implied-volatility||false||2
2019-08-24T00:47:07.905Z||Dow Jones Industrial Average (^DJI) Stock Price, Quote, History & News||https://finance.yahoo.com/quote/^DJI?p=^DJI||false||2
2019-08-24T00:47:08.012Z||^DJI Interactive Stock Chart | Dow Jones Industrial Average Stock - Yahoo Finance||https://finance.yahoo.com/chart/^DJI||false||2
2019-08-24T00:47:08.274Z||Stock market news: August 23, 2019 ||https://finance.yahoo.com/news/stock-market-news-august-23-2019-121537620.html||false||2
2019-08-24T00:47:08.368Z||Hong Kong unions urge Cathay Pacific to end 'white terror'||https://finance.yahoo.com/news/hong-kong-unions-urge-cathay-054542733.html||false||2
2019-08-24T00:47:08.744Z||Trump continues attack on Fed Reserve Chair [Video]||https://finance.yahoo.com/video/trump-continues-attack-fed-chair-173733668.html||false||2
2019-08-24T00:47:08.876Z||Explore Curated Watchlists - Yahoo Finance||https://finance.yahoo.com/watchlists||false||2
2019-08-24T00:47:08.965Z||Yahoo Finance Premium||https://ad.doubleclick.net/ddm/trackclk/N360801.1913355YAHOOADMANAGER/B22544945.248426095;dc_trk_aid=444245349;dc_trk_cid=114576676;dc_lat=;dc_rdid=;tag_for_child_directed_treatment=;tfua=||false||2
2019-08-24T00:47:09.027Z||S&P 500 (^GSPC) Stock Price, Quote, History & News||https://finance.yahoo.com/quote/^GSPC?p=^GSPC||false||2
2019-08-24T00:47:09.073Z||Yahoo Everything||http://everything.yahoo.com/||false||2
2019-08-24T00:47:09.096Z||Yahoo Everything||https://everything.yahoo.com/||false||2
2019-08-24T00:47:09.119Z||Yahoo Shopping - Online Shopping with great products, prices and reviews||http://shopping.yahoo.com/||false||2
2019-08-24T00:47:09.248Z||‎Yahoo Mail - Organized Email on the App Store||https://app.appsflyer.com/id577586159?pid=yahoo_admanager_plus_int&c=NorrinLaunch_Mar17&af_sub1=Internal&af_sub2=Mobile_Upsell_YMktg&af_sub3=Landing_Page_Mobile_Upsell&pbd=${POSTBACKDATA}&idfa=${IDFA}||false||2
2019-08-24T00:47:09.341Z||Stock Screener - Yahoo Finance||https://finance.yahoo.com/screener||false||2
2019-08-24T00:47:09.406Z||Yahoo Finance - Earnings Calendar, Financial Calendar, Economic Calendar, IPO Calendar||https://finance.yahoo.com/calendar||false||2
2019-08-24T00:47:09.499Z||Kristin Myers (@KristinReports) | Twitter||https://twitter.com/kristinreports?lang=en||false||2
2019-08-24T00:47:09.568Z||Author explores Koch Industries, a company that specializes in the stuff that underpins civilization||https://finance.yahoo.com/news/koch-industries-specializes-in-the-stuff-that-underpins-civilization-kochland-165954167.html||false||2
2019-08-24T00:47:09.647Z||Yahoo Finance - Home | Facebook||https://www.facebook.com/yahoofinance/||false||2
2019-08-24T00:47:09.876Z||Yahoofinance on Flipboard | Finance, Trump National Golf Club, David KochShareLikeFlipShareLikeFlipShareLikeFlipShareLikeFlipShareLikeFlipShareLikeFlipShareLikeFlipShareLikeFlipShareLikeFlipShareLikeFlipShareLikeFlipShareLikeFlipShareLikeFlipShareLikeFlipShareLikeFlipShareLikeFlipShareLikeFlipShareLikeFlipShareLikeFlipShareLikeFlipShareLikeFlipShareLikeFlipShareLikeFlipShareLikeFlipShareLikeFlipFlipboardShareLikeFlipShareLikeFlipShareLikeFlipShareLikeFlipShareLikeFlip||https://flipboard.com/topic/yahoofinance||false||2
2019-08-24T00:47:09.973Z||Fed's Mester: U.S. economy is 'about at neutral'||https://finance.yahoo.com/news/feds-mester-us-economy-is-about-at-neutral-213216786.html||false||2
2019-08-24T00:47:09.996Z||Remove your posts, comments, votes, and profile from the Yahoo Feedback Forums |Yahoo Help- SLN28255||https://help.yahoo.com/kb/SLN28255.html||false||2
2019-08-24T00:47:10.040Z||Yahoo Everything||https://everything.yahoo.com/||false||2
2019-08-24T00:47:10.147Z||Cryptocurrency Screener - Yahoo Finance||https://finance.yahoo.com/cryptocurrencies||false||2
2019-08-24T00:47:10.210Z||Yahoo Tech - Technology News and Reviews||https://finance.yahoo.com/tech||false||2
2019-08-24T00:47:10.300Z||Yahoo Finance (@YahooFinance) | Twitter||https://twitter.com/YahooFinance||false||2
2019-08-24T00:47:10.410Z||Financial and Business News - Yahoo Finance||https://finance.yahoo.com/news/||false||2
2019-08-24T00:47:10.464Z||Hong Kong unions urge Cathay Pacific to end "white terror"||https://finance.yahoo.com/news/hong-kong-unions-urge-cathay-052046029.html||false||2
2019-08-24T00:47:10.585Z||Yahoo Finance - Business Finance, Stock Market, Quotes, News||http://finance.yahoo.com/||false||2
2019-08-24T00:47:10.735Z||Yahoo! Sports - News, Scores, Standings, Rumors, Fantasy Games||http://sports.yahoo.com/||false||2
2019-08-24T00:47:10.814Z||Dow Jones Industrial Average (^DJI) Stock Price, Quote, History & News||https://finance.yahoo.com/quote/^DJI?p=^DJI||false||2
2019-08-24T00:47:10.902Z||Personal Finance - Yahoo Finance||https://finance.yahoo.com/personal-finance||false||2
2019-08-24T00:47:10.972Z||^DJI Interactive Stock Chart | Dow Jones Industrial Average Stock - Yahoo Finance||https://finance.yahoo.com/chart/^DJI||false||2
2019-08-24T00:47:11.084Z||Stock Screener - Yahoo Finance||https://finance.yahoo.com/gainers||false||2
2019-08-24T00:47:11.155Z||Yahoo Lifestyle||https://www.yahoo.com/lifestyle||false||2
2019-08-24T00:47:11.270Z||Yahoo Finance - Business Finance, Stock Market, Quotes, News||http://finance.yahoo.com/||false||2
2019-08-24T00:47:11.341Z||Yahoo Finance - Home | Facebook||http://facebook.com/yahoofinance||false||2
2019-08-24T00:47:11.425Z||Financial and Business News - Yahoo Finance||https://finance.yahoo.com/news/||false||2
2019-08-24T00:47:11.548Z||Option Screener - Yahoo Finance||https://finance.yahoo.com/options/highest-open-interest||false||2
2019-08-24T00:47:11.602Z||David Koch Is Retiring From Koch Industries, Political Network||https://finance.yahoo.com/news/david-koch-retiring-koch-industries-143540910.html||false||2
2019-08-24T00:47:11.708Z||Unrest in Hong Kong Is Long-Term Buy Signal, Says Elliot Wave’s Galasiewski [Video]||https://finance.yahoo.com/video/unrest-hong-kong-long-term-030321237.html||false||2
2019-08-24T00:47:11.769Z||Business and Finance News Videos||https://finance.yahoo.com/videos/||false||2
2019-08-24T00:47:11.883Z||Currency, Currencies & Forex Currency Trading - Yahoo Finance||https://finance.yahoo.com/currencies||false||2
2019-08-24T00:47:11.924Z||Kristin Myers on Yahoo||https://www.yahoo.com/author/kristin-myers-115||false||2
2019-08-24T00:47:12.095Z||Stock Screener - Yahoo Finance||https://finance.yahoo.com/screener||false||2
2019-08-24T00:47:12.437Z||Yahoo Finance (u/yahoofinance) - RedditHot||https://www.reddit.com/user/yahoofinance/||false||2
2019-08-24T00:47:13.179Z||Trump slaps retaliatory tariffs on Chinese goods ||https://finance.yahoo.com/news/trump-slaps-retaliatory-tariffs-on-chinese-goods-210533036.html||false||2
2019-08-24T00:47:14.209Z||Tram Riders Get Bird's-Eye View of Hong Kong Human Chain [Video]||https://finance.yahoo.com/video/tram-riders-birds-eye-view-151328781.html||false||2
2019-08-24T00:47:14.355Z||Facebook||https://www.facebook.com/dialog/feed?app_id=458584288257241&link=https%3A%2F%2Ffinance.yahoo.com%2Fnews%2Fbillionaire-businessman-david-koch-dead-at-79-132246911.html%3Fsoc_src%3Dsocial-sh%26soc_trk%3Dfb&name=Billionaire%20businessman%20David%20Koch%20dead%20at%2079&description=Billionaire%20industrialist%20David%20Koch%20has%20died%20at%2079.&picture=https%3A%2F%2Fs.yimg.com%2Fuu%2Fapi%2Fres%2F1.2%2FFZ_B2TNoDGDeoQjQDzuShg--~B%2FaD0xODM2O3c9Mjc0MztzbT0xO2FwcGlkPXl0YWNoeW9u%2Fhttps%3A%2F%2Fmedia-mbst-pub-ue1.s3.amazonaws.com%2Fcreatr-images%2F2019-08%2Fdecd24a0-c5a6-11e9-bd37-debf3ebe9622&redirect_uri=https%3A%2F%2Fwww.yahoo.com%2Fnews%2Fmediacontentsharebuttons%2Fpostshare%2F&display=popup&show_error=yes||false||2
2019-08-24T00:47:14.503Z||How to know if you’re invested in gun stocks||https://finance.yahoo.com/news/how-to-know-if-youre-invested-in-gun-stocks-125946856.html||false||2
